T/1	OUT/2		ERR/1	
0	0.0000	0.0000	0.0000	
1	0.0000	0.0000	0.0000	
2	-0.0997	-0.0997	1.4142	
3	-0.2713	-0.2713	1.2733	
4	-0.2614	-0.2614	1.1499	
5	-0.4405	-0.4405	0.9301	
6	-0.1239	-0.1239	2.0372	
7	-0.2780	-0.2780	1.1221	
8	-0.4156	-0.4156	0.9808	
9	-0.3615	-0.3615	1.0915	
10	-0.1236	-0.1236	2.0368	
11	-0.3537	-0.3537	0.9952	
12	-0.4348	-0.4348	0.9417	
13	0.0480	0.0480	1.8349	
14	-0.3576	-0.3576	0.9887	
15	-0.4005	-0.4005	1.0116	
16	0.1873	0.1873	1.6206	
17	-0.3707	-0.3707	0.9667	
18	-0.3805	-0.3805	1.0526	
19	-0.4663	-0.4663	0.8074	
20	-0.4951	-0.4951	0.8208	
21	0.1822	0.1822	1.6294	
22	0.3982	0.3982	1.1565	
23	-0.3961	-0.3961	0.9241	
24	-0.4382	-0.4382	0.8540	
25	-0.3847	-0.3847	1.0440	
26	0.3935	0.3935	1.1685	
27	-0.4662	-0.4662	0.8076	
28	-0.3999	-0.3999	1.0128	
29	-0.1254	-0.1254	1.5414	
30	0.3048	0.3048	1.3839	
31	-0.5483	-0.5483	0.6737	
32	-0.5700	-0.5700	0.6389	
33	-0.4683	-0.4683	0.8742	
34	0.3759	0.3759	1.2132	
35	-0.5702	-0.5702	0.6385	
36	-0.4494	-0.4494	0.9120	
37	-0.1734	-0.1734	1.4578	
38	0.3194	0.3194	1.3506	
39	-0.6268	-0.6268	0.5490	
40	-0.4793	-0.4793	0.8521	
41	0.4092	0.4092	1.1281	
42	-0.6260	-0.6260	0.5503	
43	-0.4630	-0.4630	0.8848	
44	-0.5266	-0.5266	0.7595	
45	0.4161	0.4161	1.1103	
46	-0.6511	-0.6511	0.5111	
47	-0.5010	-0.5010	0.8093	
48	0.4719	0.4719	0.9662	
49	-0.6547	-0.6547	0.5055	
50	-0.4960	-0.4960	0.8191	
51	-0.1097	-0.1097	1.5677	
52	0.3943	0.3943	1.1664	
53	-0.7046	-0.7046	0.4290	
54	-0.5313	-0.5313	0.7504	
55	0.4671	0.4671	0.9784	
56	-0.7019	-0.7019	0.4331	
57	-0.5160	-0.5160	0.7801	
58	-0.7298	-0.7298	0.3909	
59	0.5020	0.5020	0.8900	
60	-0.7109	-0.7109	0.4195	
61	-0.5204	-0.5204	0.7714	
62	-0.5696	-0.5696	0.6782	
63	-0.1499	-0.1499	1.4993	
64	0.3901	0.3901	1.1770	
65	-0.7625	-0.7625	0.3420	
66	-0.5828	-0.5828	0.6537	
67	-0.2220	-0.2220	1.3684	
68	0.3756	0.3756	1.2138	
69	-0.7842	-0.7842	0.3099	
70	0.5007	0.5007	0.8934	
71	-0.7664	-0.7664	0.3362	
72	-0.5286	-0.5286	0.7557	
73	0.5349	0.5349	0.8099	
74	-0.7684	-0.7684	0.3333	
75	-0.5285	-0.5285	0.7559	
76	-0.5757	-0.5757	0.6668	
77	0.5247	0.5247	0.8345	
78	0.5955	0.5955	0.6722	
79	-0.7692	-0.7692	0.3320	
80	-0.7730	-0.7730	0.3264	
81	-0.5307	-0.5307	0.7517	
82	0.5961	0.5961	0.6709	
83	-0.7794	-0.7794	0.3169	
84	-0.5440	-0.5440	0.7263	
85	-0.0950	-0.0950	1.5919	
86	0.4966	0.4966	0.9036	
87	-0.8160	-0.8160	0.2632	
88	-0.5908	-0.5908	0.6390	
89	0.5440	0.5440	0.7885	
90	-0.8137	-0.8137	0.2666	
91	-0.5799	-0.5799	0.6591	
92	-0.6157	-0.6157	0.5941	
93	0.5467	0.5467	0.7820	
94	-0.8213	-0.8213	0.2555	
95	-0.6015	-0.6015	0.6197	
96	0.5789	0.5789	0.7087	
97	-0.8207	-0.8207	0.2563	
98	-0.5965	-0.5965	0.6287	
99	-0.1246	-0.1246	1.5427	
100	0.4960	0.4960	0.9051	
101	-0.8473	-0.8473	0.2176	
102	-0.6295	-0.6295	0.5696	
103	0.5500	0.5500	0.7743	
104	-0.8436	-0.8436	0.2230	
105	-0.6135	-0.6135	0.5980	
106	-0.8527	-0.8527	0.2099	
107	0.5815	0.5815	0.7028	
108	-0.8435	-0.8435	0.2231	
109	-0.6087	-0.6087	0.6067	
110	-0.6388	-0.6388	0.5534	
111	-0.1801	-0.1801	1.4456	
112	0.4821	0.4821	0.9401	
113	-0.8700	-0.8700	0.1849	
114	-0.6572	-0.6572	0.5215	
115	-0.2638	-0.2638	1.2880	
116	0.4566	0.4566	1.0055	
117	-0.8817	-0.8817	0.1682	
118	-0.8823	-0.8823	0.1673	
119	-0.6619	-0.6619	0.5134	
120	0.5291	0.5291	0.8239	
121	-0.8769	-0.8769	0.1750	
122	-0.6368	-0.6368	0.5569	
123	-0.2701	-0.2701	1.2757	
124	0.4865	0.4865	0.9291	
125	-0.8898	-0.8898	0.1566	
126	-0.6497	-0.6497	0.5344	
127	0.5476	0.5476	0.7800	
128	-0.8859	-0.8859	0.1622	
129	-0.6297	-0.6297	0.5693	
130	-0.8918	-0.8918	0.1537	
131	0.5839	0.5839	0.6975	
132	-0.8846	-0.8846	0.1640	
133	-0.6210	-0.6210	0.5847	
134	-0.6488	-0.6488	0.5360	
135	-0.2774	-0.2774	1.2612	
136	0.5019	0.5019	0.8905	
137	-0.9019	-0.9019	0.1392	
138	-0.6626	-0.6626	0.5122	
139	-0.3399	-0.3399	1.1357	
140	0.4840	0.4840	0.9353	
141	-0.9094	-0.9094	0.1285	
142	-0.9097	-0.9097	0.1281	
143	-0.6656	-0.6656	0.5070	
144	-0.3802	-0.3802	1.0532	
145	0.4796	0.4796	0.9465	
146	-0.9151	-0.9151	0.1203	
147	-0.6627	-0.6627	0.5120	
148	0.5454	0.5454	0.7852	
149	-0.9116	-0.9116	0.1254	
150	-0.6404	-0.6404	0.5505	
151	-0.3671	-0.3671	1.0801	
152	0.5158	0.5158	0.8562	
153	-0.9191	-0.9191	0.1147	
154	-0.6505	-0.6505	0.5331	
155	0.5671	0.5671	0.7352	
156	-0.9167	-0.9167	0.1182	
157	-0.6340	-0.6340	0.5618	
158	-0.3755	-0.3755	1.0629	
159	0.5318	0.5318	0.8173	
160	-0.9242	-0.9242	0.1074	
161	-0.9244	-0.9244	0.1072	
162	-0.6484	-0.6484	0.5367	
163	0.5769	0.5769	0.7129	
164	-0.9224	-0.9224	0.1100	
165	-0.6341	-0.6341	0.5617	
166	-0.3896	-0.3896	1.0338	
167	0.5417	0.5417	0.7939	
168	-0.9293	-0.9293	0.1001	
169	-0.6486	-0.6486	0.5363	
170	0.5842	0.5842	0.6969	
171	-0.9276	-0.9276	0.1025	
172	-0.6356	-0.6356	0.5589	
173	-0.6608	-0.6608	0.5153	
174	0.5914	0.5914	0.6810	
175	-0.9294	-0.9294	0.1001	
176	-0.6479	-0.6479	0.5376	
177	0.6187	0.6187	0.6230	
178	-0.9286	-0.9286	0.1012	
179	-0.6414	-0.6414	0.5488	
180	-0.3654	-0.3654	1.0835	
181	0.5696	0.5696	0.7295	
182	-0.9361	-0.9361	0.0904	
183	-0.6628	-0.6628	0.5119	
184	0.6051	0.6051	0.6515	
185	-0.9348	-0.9348	0.0923	
186	-0.6521	-0.6521	0.5303	
187	-0.9378	-0.9378	0.0882	
188	0.6289	0.6289	0.6020	
189	-0.9343	-0.9343	0.0930	
190	-0.6472	-0.6472	0.5387	
191	-0.6704	-0.6704	0.4989	
192	-0.3880	-0.3880	1.0371	
193	0.5629	0.5629	0.7447	
194	-0.9429	-0.9429	0.0809	
195	-0.6838	-0.6838	0.4763	
196	-0.4347	-0.4347	0.9419	
197	0.5464	0.5464	0.7828	
198	-0.9466	-0.9466	0.0757	
199	-0.6880	-0.6880	0.4693	
200	0.5922	0.5922	0.6792	
201	-0.9449	-0.9449	0.0781	
202	-0.6724	-0.6724	0.4956	
203	-0.4343	-0.4343	0.9427	
204	-0.9528	-0.9528	0.0668	
205	-0.7186	-0.7186	0.4189	
206	0.5517	0.5517	0.7705	
207	-0.9502	-0.9502	0.0705	
208	-0.6933	-0.6933	0.4605	
209	-0.4744	-0.4744	0.8620	
210	0.5470	0.5470	0.7815	
211	-0.9526	-0.9526	0.0671	
212	-0.6929	-0.6929	0.4611	
213	0.5932	0.5932	0.6771	
214	-0.9511	-0.9511	0.0693	
215	-0.6771	-0.6771	0.4877	
216	0.6237	0.6237	0.6126	
217	-0.9502	-0.9502	0.0705	
218	-0.6679	-0.6679	0.5032	
219	0.6450	0.6450	0.5695	
220	-0.9497	-0.9497	0.0712	
221	-0.6632	-0.6632	0.5112	
222	-0.9518	-0.9518	0.0682	
223	-0.4233	-0.4233	0.9650	
224	-0.7122	-0.7122	0.4294	
225	0.5889	0.5889	0.6866	
226	-0.9556	-0.9556	0.0629	
227	-0.9556	-0.9556	0.0628	
228	-0.6943	-0.6943	0.4588	
229	0.6223	0.6223	0.6154	
230	-0.9546	-0.9546	0.0643	
231	0.6629	0.6629	0.5345	
232	-0.9525	-0.9525	0.0672	
233	-0.6611	-0.6611	0.5148	
234	-0.9545	-0.9545	0.0643	
235	-0.4250	-0.4250	0.9616	
236	-0.7104	-0.7104	0.4323	
237	-0.7243	-0.7243	0.4096	
238	0.5900	0.5900	0.6841	
239	-0.9593	-0.9593	0.0576	
240	-0.7057	-0.7057	0.4399	
241	-0.4847	-0.4847	0.8414	
242	-0.9642	-0.9642	0.0506	
243	-0.7415	-0.7415	0.3819	
244	-0.9651	-0.9651	0.0493	
245	-0.7519	-0.7519	0.3654	
246	-0.9659	-0.9659	0.0482	
247	-0.7612	-0.7612	0.3507	
248	0.5436	0.5436	0.7894	
249	-0.9636	-0.9636	0.0515	
250	-0.7335	-0.7335	0.3947	
251	-0.5194	-0.5194	0.7734	
252	0.5536	0.5536	0.7660	
253	-0.9646	-0.9646	0.0501	
254	-0.7271	-0.7271	0.4050	
255	0.6014	0.6014	0.6595	
256	-0.9632	-0.9632	0.0520	
257	-0.7103	-0.7103	0.4324	
258	0.6332	0.6332	0.5931	
259	-0.9624	-0.9624	0.0532	
260	-0.6996	-0.6996	0.4500	
261	-0.9636	-0.9636	0.0514	
262	-0.7151	-0.7151	0.4246	
263	0.6416	0.6416	0.5763	
264	0.6773	0.6773	0.5069	
265	-0.9613	-0.9613	0.0548	
266	-0.9613	-0.9613	0.0547	
267	-0.6859	-0.6859	0.4728	
268	0.6885	0.6885	0.4860	
269	-0.9613	-0.9613	0.0548	
270	-0.6852	-0.6852	0.4740	
271	-0.4270	-0.4270	0.9574	
272	0.6436	0.6436	0.5722	
273	-0.9651	-0.9651	0.0493	
274	-0.9651	-0.9651	0.0493	
275	-0.7065	-0.7065	0.4386	
276	0.6642	0.6642	0.5319	
277	-0.9647	-0.9647	0.0499	
278	-0.7005	-0.7005	0.4485	
279	-0.4621	-0.4621	0.8866	
280	0.6309	0.6309	0.5979	
281	-0.9676	-0.9676	0.0459	
282	-0.7148	-0.7148	0.4251	
283	0.6554	0.6554	0.5489	
284	-0.9670	-0.9670	0.0467	
285	-0.7069	-0.7069	0.4380	
286	-0.7213	-0.7213	0.4145	
287	0.6603	0.6603	0.5393	
288	-0.9675	-0.9675	0.0460	
289	-0.7135	-0.7135	0.4271	
290	0.6779	0.6779	0.5057	
291	-0.9671	-0.9671	0.0465	
292	-0.7087	-0.7087	0.4350	
293	-0.4575	-0.4575	0.8958	
294	0.6424	0.6424	0.5746	
295	-0.9699	-0.9699	0.0426	
296	-0.7239	-0.7239	0.4103	
297	0.6651	0.6651	0.5302	
298	-0.9694	-0.9694	0.0433	
299	-0.7166	-0.7166	0.4221	
300	-0.9703	-0.9703	0.0420	
301	0.6818	0.6818	0.4984	
302	-0.9691	-0.9691	0.0437	
303	-0.7120	-0.7120	0.4295	
304	-0.7258	-0.7258	0.4072	
305	-0.4760	-0.4760	0.8588	
306	0.6363	0.6363	0.5870	
307	-0.9722	-0.9722	0.0393	
308	-0.7365	-0.7365	0.3899	
309	-0.5123	-0.5123	0.7872	
310	0.6205	0.6205	0.6191	
311	-0.9737	-0.9737	0.0372	
312	0.6617	0.6617	0.5368	
313	-0.9725	-0.9725	0.0389	
314	-0.7214	-0.7214	0.4143	
315	0.6797	0.6797	0.5023	
316	-0.9722	-0.9722	0.0394	
317	-0.7161	-0.7161	0.4229	
318	-0.7293	-0.7293	0.4015	
319	0.6815	0.6815	0.4990	
320	0.7079	0.7079	0.4504	
321	-0.9717	-0.9717	0.0400	
322	-0.9717	-0.9717	0.0400	
323	-0.7087	-0.7087	0.4351	
324	0.7158	0.7158	0.4364	
325	-0.9717	-0.9717	0.0400	
326	-0.7087	-0.7087	0.4351	
327	-0.4591	-0.4591	0.8926	
328	0.6759	0.6759	0.5095	
329	-0.9744	-0.9744	0.0363	
330	-0.7280	-0.7280	0.4036	
331	0.6916	0.6916	0.4802	
332	-0.9741	-0.9741	0.0366	
333	-0.7236	-0.7236	0.4107	
334	-0.7359	-0.7359	0.3909	
335	0.6925	0.6925	0.4785	
336	-0.9745	-0.9745	0.0360	
337	-0.7310	-0.7310	0.3987	
338	0.7052	0.7052	0.4554	
339	-0.9744	-0.9744	0.0363	
340	-0.7279	-0.7279	0.4038	
341	-0.4742	-0.4742	0.8623	
342	0.6708	0.6708	0.5193	
343	-0.9765	-0.9765	0.0333	
344	-0.7429	-0.7429	0.3797	
345	0.6888	0.6888	0.4855	
346	-0.9762	-0.9762	0.0337	
347	-0.7371	-0.7371	0.3890	
348	-0.9768	-0.9768	0.0329	
349	0.7026	0.7026	0.4601	
350	-0.9759	-0.9759	0.0340	
351	-0.7333	-0.7333	0.3951	
352	-0.7445	-0.7445	0.3772	
353	-0.4960	-0.4960	0.8191	
354	0.6616	0.6616	0.5370	
355	-0.9782	-0.9782	0.0308	
356	-0.7549	-0.7549	0.3607	
357	-0.5310	-0.5310	0.7510	
358	0.6454	0.6454	0.5686	
359	-0.9793	-0.9793	0.0292	
360	-0.9794	-0.9794	0.0292	
361	-0.7599	-0.7599	0.3529	
362	0.6705	0.6705	0.5198	
363	-0.9789	-0.9789	0.0299	
364	-0.7510	-0.7510	0.3668	
365	-0.5367	-0.5367	0.7401	
366	0.6533	0.6533	0.5530	
367	-0.9800	-0.9800	0.0283	
368	-0.7569	-0.7569	0.3575	
369	0.6763	0.6763	0.5087	
370	-0.9796	-0.9796	0.0288	
371	-0.7489	-0.7489	0.3702	
372	-0.9801	-0.9801	0.0282	
373	0.6937	0.6937	0.4764	
374	-0.9793	-0.9793	0.0292	
375	-0.7432	-0.7432	0.3792	
376	-0.7534	-0.7534	0.3631	
377	-0.5361	-0.5361	0.7414	
378	0.6617	0.6617	0.5366	
379	-0.9810	-0.9810	0.0269	
380	-0.7601	-0.7601	0.3525	
381	-0.5617	-0.5617	0.6928	
382	0.6507	0.6507	0.5581	
383	-0.9818	-0.9818	0.0258	
384	-0.9818	-0.9818	0.0258	
385	-0.7632	-0.7632	0.3475	
386	-0.5801	-0.5801	0.6586	
387	0.6449	0.6449	0.5697	
388	-0.9824	-0.9824	0.0249	
389	-0.7643	-0.7643	0.3459	
390	0.6705	0.6705	0.5199	
391	-0.9820	-0.9820	0.0254	
392	-0.7552	-0.7552	0.3601	
393	-0.5760	-0.5760	0.6662	
394	0.6595	0.6595	0.5409	
395	-0.9828	-0.9828	0.0244	
396	-0.7589	-0.7589	0.3543	
397	0.6813	0.6813	0.4993	
398	-0.9824	-0.9824	0.0248	
399	-0.7513	-0.7513	0.3663	
400	-0.5773	-0.5773	0.6639	
401	0.6684	0.6684	0.5239	
402	-0.9832	-0.9832	0.0237	
403	-0.9832	-0.9832	0.0237	
404	-0.7563	-0.7563	0.3584	
405	0.6880	0.6880	0.4869	
406	-0.9830	-0.9830	0.0241	
407	-0.7496	-0.7496	0.3690	
408	-0.5810	-0.5810	0.6571	
409	0.6743	0.6743	0.5126	
410	-0.9837	-0.9837	0.0230	
411	-0.7552	-0.7552	0.3602	
412	0.6926	0.6926	0.4784	
413	-0.9835	-0.9835	0.0234	
414	-0.7490	-0.7490	0.3700	
415	-0.7585	-0.7585	0.3549	
416	0.6974	0.6974	0.4696	
417	-0.9836	-0.9836	0.0232	
418	-0.7527	-0.7527	0.3642	
419	0.7110	0.7110	0.4450	
420	-0.9835	-0.9835	0.0234	
421	-0.7486	-0.7486	0.3707	
422	-0.5661	-0.5661	0.6847	
423	0.6918	0.6918	0.4798	
424	-0.9844	-0.9844	0.0221	
425	-0.7571	-0.7571	0.3572	
426	0.7068	0.7068	0.4525	
427	-0.9842	-0.9842	0.0224	
428	-0.7523	-0.7523	0.3648	
429	-0.9845	-0.9845	0.0219	
430	0.7186	0.7186	0.4314	
431	-0.9841	-0.9841	0.0226	
432	-0.7489	-0.7489	0.3701	
433	-0.7585	-0.7585	0.3551	
434	-0.5731	-0.5731	0.6716	
435	0.6901	0.6901	0.4830	
436	-0.9852	-0.9852	0.0209	
437	-0.7654	-0.7654	0.3442	
438	-0.5953	-0.5953	0.6309	
439	0.6793	0.6793	0.5031	
440	-0.9858	-0.9858	0.0201	
441	-0.7693	-0.7693	0.3381	
442	0.6977	0.6977	0.4691	
443	-0.9856	-0.9856	0.0204	
444	-0.7629	-0.7629	0.3480	
445	-0.5976	-0.5976	0.6267	
446	-0.9867	-0.9867	0.0188	
447	-0.7825	-0.7825	0.3176	
448	0.6780	0.6780	0.5056	
449	-0.9864	-0.9864	0.0193	
450	-0.7736	-0.7736	0.3314	
451	-0.6177	-0.6177	0.5905	
452	0.6728	0.6728	0.5154	
453	-0.9868	-0.9868	0.0187	
454	-0.7749	-0.7749	0.3293	
455	0.6929	0.6929	0.4777	
456	-0.9866	-0.9866	0.0190	
457	-0.7678	-0.7678	0.3404	
458	0.7085	0.7085	0.4495	
459	-0.9864	-0.9864	0.0193	
460	-0.7626	-0.7626	0.3486	
461	0.7208	0.7208	0.4275	
462	-0.9862	-0.9862	0.0195	
463	-0.7588	-0.7588	0.3546	
464	-0.9865	-0.9865	0.0190	
465	-0.5913	-0.5913	0.6382	
466	-0.7792	-0.7792	0.3226	
467	0.6968	0.6968	0.4706	
468	-0.9871	-0.9871	0.0182	
469	-0.9871	-0.9871	0.0182	
470	-0.7723	-0.7723	0.3333	
471	0.7120	0.7120	0.4432	
472	-0.9870	-0.9870	0.0185	
473	0.7323	0.7323	0.4074	
474	-0.9866	-0.9866	0.0190	
475	-0.7561	-0.7561	0.3587	
476	-0.9869	-0.9869	0.0186	
477	-0.5886	-0.5886	0.6431	
478	-0.7771	-0.7771	0.3260	
479	-0.7840	-0.7840	0.3153	
480	0.6990	0.6990	0.4666	
481	-0.9877	-0.9877	0.0174	
482	-0.7771	-0.7771	0.3259	
483	-0.6181	-0.6181	0.5899	
484	-0.9886	-0.9886	0.0162	
485	-0.7938	-0.7938	0.3001	
486	-0.9887	-0.9887	0.0159	
487	-0.7994	-0.7994	0.2916	
488	-0.9889	-0.9889	0.0157	
489	-0.8046	-0.8046	0.2837	
490	0.6705	0.6705	0.5197	
491	-0.9886	-0.9886	0.0162	
492	-0.7945	-0.7945	0.2991	
493	-0.6398	-0.6398	0.5517	
494	0.6710	0.6710	0.5188	
495	-0.9888	-0.9888	0.0158	
496	-0.7933	-0.7933	0.3010	
497	0.6928	0.6928	0.4780	
498	-0.9886	-0.9886	0.0162	
499	-0.7855	-0.7855	0.3129	
500	0.7096	0.7096	0.4474	
501	-0.9884	-0.9884	0.0164	
502	-0.7796	-0.7796	0.3220	
503	-0.9886	-0.9886	0.0161	
504	-0.7863	-0.7863	0.3117	
505	0.7158	0.7158	0.4363	
506	0.7355	0.7355	0.4019	
507	-0.9881	-0.9881	0.0168	
508	-0.9881	-0.9881	0.0168	
509	-0.7706	-0.7706	0.3361	
510	0.7440	0.7440	0.3872	
511	-0.9880	-0.9880	0.0169	
512	-0.7683	-0.7683	0.3396	
513	-0.5884	-0.5884	0.6434	
514	0.7259	0.7259	0.4186	
515	-0.9887	-0.9887	0.0160	
516	-0.9887	-0.9887	0.0160	
517	-0.7768	-0.7768	0.3264	
518	0.7363	0.7363	0.4005	
519	-0.9886	-0.9886	0.0162	
520	-0.7735	-0.7735	0.3315	
521	-0.6023	-0.6023	0.6182	
522	0.7210	0.7210	0.4272	
523	-0.9891	-0.9891	0.0154	
524	-0.7803	-0.7803	0.3209	
525	0.7325	0.7325	0.4072	
526	-0.9890	-0.9890	0.0156	
527	-0.7766	-0.7766	0.3267	
528	-0.7835	-0.7835	0.3159	
529	0.7348	0.7348	0.4030	
530	-0.9891	-0.9891	0.0154	
531	-0.7798	-0.7798	0.3217	
532	0.7441	0.7441	0.3871	
533	-0.9890	-0.9890	0.0155	
534	-0.7771	-0.7771	0.3260	
535	-0.5984	-0.5984	0.6252	
536	0.7278	0.7278	0.4153	
537	-0.9895	-0.9895	0.0148	
538	-0.7843	-0.7843	0.3147	
539	0.7384	0.7384	0.3968	
540	-0.9894	-0.9894	0.0149	
541	-0.7809	-0.7809	0.3200	
542	-0.9896	-0.9896	0.0147	
543	0.7472	0.7472	0.3818	
544	-0.9894	-0.9894	0.0150	
545	-0.7783	-0.7783	0.3240	
546	-0.7851	-0.7851	0.3135	
547	-0.6065	-0.6065	0.6106	
548	0.7246	0.7246	0.4208	
549	-0.9900	-0.9900	0.0141	
550	-0.7910	-0.7910	0.3044	
551	-0.6258	-0.6258	0.5762	
552	0.7146	0.7146	0.4385	
553	-0.9904	-0.9904	0.0136	
554	0.7345	0.7345	0.4036	
555	-0.9901	-0.9901	0.0140	
556	-0.7848	-0.7848	0.3140	
557	0.7441	0.7441	0.3870	
558	-0.9900	-0.9900	0.0141	
559	-0.7818	-0.7818	0.3186	
560	-0.7883	-0.7883	0.3086	
561	0.7456	0.7456	0.3845	
562	0.7603	0.7603	0.3597	
563	-0.9899	-0.9899	0.0143	
564	-0.9899	-0.9899	0.0143	
565	-0.7770	-0.7770	0.3261	
566	0.7659	0.7659	0.3504	
567	-0.9899	-0.9899	0.0143	
568	-0.7760	-0.7760	0.3277	
569	-0.5952	-0.5952	0.6311	
570	0.7475	0.7475	0.3814	
571	-0.9904	-0.9904	0.0135	
572	-0.7851	-0.7851	0.3136	
573	0.7552	0.7552	0.3682	
574	-0.9904	-0.9904	0.0136	
575	-0.7829	-0.7829	0.3170	
576	-0.7893	-0.7893	0.3071	
577	0.7555	0.7555	0.3678	
578	-0.9905	-0.9905	0.0135	
579	-0.7869	-0.7869	0.3108	
580	0.7623	0.7623	0.3563	
581	-0.9904	-0.9904	0.0135	
582	-0.7851	-0.7851	0.3135	
583	-0.6010	-0.6010	0.6205	
584	0.7454	0.7454	0.3849	
585	-0.9909	-0.9909	0.0129	
586	-0.7929	-0.7929	0.3015	
587	0.7540	0.7540	0.3704	
588	-0.9908	-0.9908	0.0129	
589	-0.7902	-0.7902	0.3056	
590	-0.9910	-0.9910	0.0127	
591	0.7612	0.7612	0.3583	
592	-0.9908	-0.9908	0.0130	
593	-0.7882	-0.7882	0.3088	
594	-0.7942	-0.7942	0.2995	
595	-0.6124	-0.6124	0.6001	
596	0.7395	0.7395	0.3949	
597	-0.9914	-0.9914	0.0122	
598	-0.8003	-0.8003	0.2902	
599	-0.6319	-0.6319	0.5654	
600	0.7291	0.7291	0.4129	
601	-0.9917	-0.9917	0.0118	
602	-0.9917	-0.9917	0.0118	
603	-0.8042	-0.8042	0.2843	
604	0.7408	0.7408	0.3928	
605	-0.9916	-0.9916	0.0119	
606	-0.8001	-0.8001	0.2905	
607	-0.6372	-0.6372	0.5561	
608	0.7308	0.7308	0.4100	
609	-0.9919	-0.9919	0.0115	
610	-0.8039	-0.8039	0.2846	
611	0.7422	0.7422	0.3904	
612	-0.9918	-0.9918	0.0116	
613	-0.8000	-0.8000	0.2907	
614	-0.9919	-0.9919	0.0115	
615	0.7516	0.7516	0.3744	
616	-0.9917	-0.9917	0.0117	
617	-0.7968	-0.7968	0.2955	
618	-0.8022	-0.8022	0.2873	
619	-0.6375	-0.6375	0.5557	
620	0.7345	0.7345	0.4037	
621	-0.9921	-0.9921	0.0112	
622	-0.8061	-0.8061	0.2813	
623	-0.6520	-0.6520	0.5304	
624	0.7272	0.7272	0.4163	
625	-0.9923	-0.9923	0.0108	
626	-0.9923	-0.9923	0.0108	
627	-0.8086	-0.8086	0.2775	
628	-0.6635	-0.6635	0.5108	
629	0.7222	0.7222	0.4252	
630	-0.9925	-0.9925	0.0105	
631	-0.8101	-0.8101	0.2752	
632	0.7353	0.7353	0.4023	
633	-0.9924	-0.9924	0.0107	
634	-0.8055	-0.8055	0.2823	
635	-0.6626	-0.6626	0.5122	
636	0.7290	0.7290	0.4132	
637	-0.9926	-0.9926	0.0104	
638	-0.8077	-0.8077	0.2789	
639	0.7408	0.7408	0.3927	
640	-0.9926	-0.9926	0.0105	
641	-0.8035	-0.8035	0.2853	
642	-0.6634	-0.6634	0.5108	
643	0.7338	0.7338	0.4047	
644	-0.9928	-0.9928	0.0102	
645	-0.9928	-0.9928	0.0102	
646	-0.8062	-0.8062	0.2812	
647	0.7449	0.7449	0.3858	
648	-0.9927	-0.9927	0.0103	
649	-0.8023	-0.8023	0.2871	
650	-0.6651	-0.6651	0.5079	
651	0.7375	0.7375	0.3984	
652	-0.9929	-0.9929	0.0100	
653	-0.8053	-0.8053	0.2826	
654	0.7479	0.7479	0.3806	
655	-0.9928	-0.9928	0.0101	
656	-0.8017	-0.8017	0.2881	
657	-0.8067	-0.8067	0.2805	
658	0.7512	0.7512	0.3750	
659	-0.9929	-0.9929	0.0101	
660	-0.8033	-0.8033	0.2857	
661	0.7596	0.7596	0.3610	
662	-0.9928	-0.9928	0.0102	
663	-0.8005	-0.8005	0.2898	
664	-0.6550	-0.6550	0.5252	
665	0.7497	0.7497	0.3776	
666	-0.9931	-0.9931	0.0098	
667	-0.8049	-0.8049	0.2832	
668	0.7583	0.7583	0.3630	
669	-0.9930	-0.9930	0.0099	
670	-0.8020	-0.8020	0.2876	
671	-0.9931	-0.9931	0.0098	
672	0.7656	0.7656	0.3508	
673	-0.9929	-0.9929	0.0100	
674	-0.7997	-0.7997	0.2911	
675	-0.8049	-0.8049	0.2832	
676	-0.6576	-0.6576	0.5208	
677	0.7499	0.7499	0.3772	
678	-0.9933	-0.9933	0.0095	
679	-0.8088	-0.8088	0.2772	
680	-0.6706	-0.6706	0.4986	
681	0.7430	0.7430	0.3890	
682	-0.9935	-0.9935	0.0092	
683	-0.8115	-0.8115	0.2731	
684	0.7529	0.7529	0.3721	
685	-0.9934	-0.9934	0.0093	
686	-0.8081	-0.8081	0.2784	
687	-0.6728	-0.6728	0.4949	
688	-0.9938	-0.9938	0.0088	
689	-0.8191	-0.8191	0.2617	
690	0.7410	0.7410	0.3924	
691	-0.9937	-0.9937	0.0090	
692	-0.8146	-0.8146	0.2684	
693	-0.6855	-0.6855	0.4735	
694	0.7368	0.7368	0.3996	
695	-0.9938	-0.9938	0.0088	
696	-0.8160	-0.8160	0.2664	
697	0.7479	0.7479	0.3806	
698	-0.9937	-0.9937	0.0089	
699	-0.8121	-0.8121	0.2723	
700	0.7572	0.7572	0.3650	
701	-0.9937	-0.9937	0.0090	
702	-0.8089	-0.8089	0.2772	
703	0.7650	0.7650	0.3519	
704	-0.9936	-0.9936	0.0090	
705	-0.8063	-0.8063	0.2811	
706	-0.9937	-0.9937	0.0089	
707	-0.6698	-0.6698	0.5000	
708	-0.8176	-0.8176	0.2640	
709	0.7516	0.7516	0.3743	
710	-0.9939	-0.9939	0.0086	
711	-0.9939	-0.9939	0.0086	
712	-0.8139	-0.8139	0.2696	
713	0.7605	0.7605	0.3594	
714	-0.9938	-0.9938	0.0087	
715	0.7730	0.7730	0.3387	
716	-0.9937	-0.9937	0.0089	
717	-0.8041	-0.8041	0.2844	
718	-0.9938	-0.9938	0.0088	
719	-0.6670	-0.6670	0.5047	
720	-0.8157	-0.8157	0.2667	
721	-0.8198	-0.8198	0.2606	
722	0.7538	0.7538	0.3706	
723	-0.9941	-0.9941	0.0084	
724	-0.8162	-0.8162	0.2661	
725	-0.6848	-0.6848	0.4747	
726	-0.9944	-0.9944	0.0080	
727	-0.8260	-0.8260	0.2512	
728	-0.9944	-0.9944	0.0079	
729	-0.8295	-0.8295	0.2460	
730	-0.9945	-0.9945	0.0078	
731	-0.8328	-0.8328	0.2411	
732	0.7352	0.7352	0.4024	
733	-0.9944	-0.9944	0.0079	
734	-0.8277	-0.8277	0.2488	
735	-0.6996	-0.6996	0.4500	
736	0.7337	0.7337	0.4050	
737	-0.9945	-0.9945	0.0078	
738	-0.8277	-0.8277	0.2487	
739	0.7459	0.7459	0.3840	
740	-0.9944	-0.9944	0.0079	
741	-0.8234	-0.8234	0.2552	
742	0.7561	0.7561	0.3668	
743	-0.9943	-0.9943	0.0080	
744	-0.8198	-0.8198	0.2606	
745	-0.9944	-0.9944	0.0079	
746	-0.8236	-0.8236	0.2548	
747	0.7602	0.7602	0.3599	
748	0.7727	0.7727	0.3391	
749	-0.9942	-0.9942	0.0082	
750	-0.9942	-0.9942	0.0082	
751	-0.8139	-0.8139	0.2696	
752	0.7789	0.7789	0.3290	
753	-0.9942	-0.9942	0.0082	
754	-0.8119	-0.8119	0.2725	
755	-0.6675	-0.6675	0.5038	
756	0.7694	0.7694	0.3447	
757	-0.9944	-0.9944	0.0079	
758	-0.9944	-0.9944	0.0079	
759	-0.8163	-0.8163	0.2660	
760	0.7761	0.7761	0.3337	
761	-0.9944	-0.9944	0.0080	
762	-0.8141	-0.8141	0.2693	
763	-0.6744	-0.6744	0.4922	
764	0.7674	0.7674	0.3479	
765	-0.9945	-0.9945	0.0077	
766	-0.8179	-0.8179	0.2635	
767	0.7745	0.7745	0.3363	
768	-0.9945	-0.9945	0.0078	
769	-0.8155	-0.8155	0.2671	
770	-0.8196	-0.8196	0.2609	
771	0.7761	0.7761	0.3336	
772	-0.9945	-0.9945	0.0077	
773	-0.8173	-0.8173	0.2643	
774	0.7821	0.7821	0.3238	
775	-0.9945	-0.9945	0.0078	
776	-0.8155	-0.8155	0.2672	
777	-0.6707	-0.6707	0.4984	
778	0.7728	0.7728	0.3390	
779	-0.9947	-0.9947	0.0075	
780	-0.8196	-0.8196	0.2609	
781	0.7792	0.7792	0.3284	
782	-0.9946	-0.9946	0.0076	
783	-0.8175	-0.8175	0.2641	
784	-0.9947	-0.9947	0.0075	
785	0.7849	0.7849	0.3193	
786	-0.9946	-0.9946	0.0076	
787	-0.8158	-0.8158	0.2667	
788	-0.8199	-0.8199	0.2605	
789	-0.6749	-0.6749	0.4913	
790	0.7713	0.7713	0.3414	
791	-0.9948	-0.9948	0.0073	
792	-0.8235	-0.8235	0.2550	
793	-0.6869	-0.6869	0.4711	
794	0.7647	0.7647	0.3524	
795	-0.9950	-0.9950	0.0071	
796	0.7766	0.7766	0.3328	
797	-0.9949	-0.9949	0.0072	
798	-0.8201	-0.8201	0.2601	
799	0.7826	0.7826	0.3229	
800	-0.9948	-0.9948	0.0073	
801	-0.8182	-0.8182	0.2631	
802	-0.8221	-0.8221	0.2571	
803	0.7837	0.7837	0.3212	
804	0.7932	0.7932	0.3059	
805	-0.9948	-0.9948	0.0074	
806	-0.9948	-0.9948	0.0074	
807	-0.8149	-0.8149	0.2681	
808	0.7972	0.7972	0.2994	
809	-0.9948	-0.9948	0.0074	
810	-0.8139	-0.8139	0.2695	
811	-0.6667	-0.6667	0.5052	
812	0.7867	0.7867	0.3164	
813	-0.9950	-0.9950	0.0071	
814	-0.8191	-0.8191	0.2617	
815	0.7916	0.7916	0.3085	
816	-0.9949	-0.9949	0.0071	
817	-0.8177	-0.8177	0.2638	
818	-0.8216	-0.8216	0.2579	
819	0.7918	0.7918	0.3081	
820	-0.9950	-0.9950	0.0071	
821	-0.8201	-0.8201	0.2601	
822	0.7962	0.7962	0.3010	
823	-0.9950	-0.9950	0.0071	
824	-0.8189	-0.8189	0.2620	
825	-0.6692	-0.6692	0.5010	
826	0.7862	0.7862	0.3172	
827	-0.9951	-0.9951	0.0069	
828	-0.8237	-0.8237	0.2548	
829	0.7913	0.7913	0.3089	
830	-0.9951	-0.9951	0.0069	
831	-0.8221	-0.8221	0.2572	
832	-0.9952	-0.9952	0.0068	
833	0.7959	0.7959	0.3015	
834	-0.9951	-0.9951	0.0069	
835	-0.8207	-0.8207	0.2592	
836	-0.8245	-0.8245	0.2535	
837	-0.6760	-0.6760	0.4895	
838	0.7824	0.7824	0.3233	
839	-0.9953	-0.9953	0.0066	
840	-0.8285	-0.8285	0.2476	
841	-0.6886	-0.6886	0.4683	
842	0.7753	0.7753	0.3349	
843	-0.9954	-0.9954	0.0064	
844	-0.9954	-0.9954	0.0064	
845	-0.8314	-0.8314	0.2432	
846	0.7820	0.7820	0.3240	
847	-0.9954	-0.9954	0.0065	
848	-0.8291	-0.8291	0.2467	
849	-0.6929	-0.6929	0.4611	
850	0.7753	0.7753	0.3349	
851	-0.9955	-0.9955	0.0063	
852	-0.8318	-0.8318	0.2426	
853	0.7820	0.7820	0.3239	
854	-0.9955	-0.9955	0.0064	
855	-0.8295	-0.8295	0.2461	
856	-0.9955	-0.9955	0.0063	
857	0.7879	0.7879	0.3144	
858	-0.9955	-0.9955	0.0064	
859	-0.8275	-0.8275	0.2490	
860	-0.8309	-0.8309	0.2439	
861	-0.6937	-0.6937	0.4598	
862	0.7769	0.7769	0.3323	
863	-0.9956	-0.9956	0.0062	
864	-0.8336	-0.8336	0.2399	
865	-0.7034	-0.7034	0.4437	
866	0.7716	0.7716	0.3409	
867	-0.9957	-0.9957	0.0060	
868	-0.9957	-0.9957	0.0060	
869	-0.8356	-0.8356	0.2370	
870	-0.7115	-0.7115	0.4305	
871	0.7676	0.7676	0.3476	
872	-0.9958	-0.9958	0.0059	
873	-0.8369	-0.8369	0.2349	
874	0.7755	0.7755	0.3346	
875	-0.9958	-0.9958	0.0060	
876	-0.8341	-0.8341	0.2391	
877	-0.7118	-0.7118	0.4299	
878	0.7711	0.7711	0.3419	
879	-0.9959	-0.9959	0.0058	
880	-0.8358	-0.8358	0.2367	
881	0.7785	0.7785	0.3297	
882	-0.9958	-0.9958	0.0059	
883	-0.8332	-0.8332	0.2406	
884	-0.7127	-0.7127	0.4284	
885	0.7738	0.7738	0.3373	
886	-0.9959	-0.9959	0.0058	
887	-0.9959	-0.9959	0.0058	
888	-0.8350	-0.8350	0.2379	
889	0.7809	0.7809	0.3258	
890	-0.9959	-0.9959	0.0058	
891	-0.8325	-0.8325	0.2416	
892	-0.7140	-0.7140	0.4264	
893	0.7761	0.7761	0.3336	
894	-0.9960	-0.9960	0.0057	
895	-0.8344	-0.8344	0.2387	
896	0.7829	0.7829	0.3226	
897	-0.9959	-0.9959	0.0057	
898	-0.8320	-0.8320	0.2422	
899	-0.8352	-0.8352	0.2375	
900	0.7852	0.7852	0.3188	
901	-0.9960	-0.9960	0.0057	
902	-0.8329	-0.8329	0.2409	
903	0.7908	0.7908	0.3096	
904	-0.9959	-0.9959	0.0058	
905	-0.8310	-0.8310	0.2438	
906	-0.7069	-0.7069	0.4379	
907	0.7847	0.7847	0.3195	
908	-0.9960	-0.9960	0.0056	
909	-0.8337	-0.8337	0.2398	
910	0.7905	0.7905	0.3102	
911	-0.9960	-0.9960	0.0057	
912	-0.8317	-0.8317	0.2427	
913	-0.9960	-0.9960	0.0056	
914	0.7956	0.7956	0.3021	
915	-0.9960	-0.9960	0.0057	
916	-0.8301	-0.8301	0.2452	
917	-0.8333	-0.8333	0.2403	
918	-0.7080	-0.7080	0.4362	
919	0.7855	0.7855	0.3182	
920	-0.9961	-0.9961	0.0055	
921	-0.8359	-0.8359	0.2365	
922	-0.7166	-0.7166	0.4221	
923	0.7807	0.7807	0.3260	
924	-0.9962	-0.9962	0.0054	
925	-0.8378	-0.8378	0.2337	
926	0.7871	0.7871	0.3157	
927	-0.9962	-0.9962	0.0054	
928	-0.8356	-0.8356	0.2370	
929	-0.7183	-0.7183	0.4193	
930	-0.9963	-0.9963	0.0052	
931	-0.8428	-0.8428	0.2262	
932	0.7790	0.7790	0.3288	
933	-0.9963	-0.9963	0.0052	
934	-0.8400	-0.8400	0.2303	
935	-0.7272	-0.7272	0.4049	
936	0.7757	0.7757	0.3342	
937	-0.9964	-0.9964	0.0052	
938	-0.8412	-0.8412	0.2286	
939	0.7828	0.7828	0.3226	
940	-0.9963	-0.9963	0.0052	
941	-0.8387	-0.8387	0.2323	
942	0.7890	0.7890	0.3126	
943	-0.9963	-0.9963	0.0052	
944	-0.8365	-0.8365	0.2355	
945	0.7944	0.7944	0.3039	
946	-0.9963	-0.9963	0.0053	
947	-0.8347	-0.8347	0.2383	
948	-0.9963	-0.9963	0.0052	
949	-0.7168	-0.7168	0.4218	
950	-0.8420	-0.8420	0.2273	
951	0.7857	0.7857	0.3180	
952	-0.9964	-0.9964	0.0051	
953	-0.9964	-0.9964	0.0051	
954	-0.8396	-0.8396	0.2309	
955	0.7916	0.7916	0.3084	
956	-0.9964	-0.9964	0.0051	
957	0.8001	0.8001	0.2947	
958	-0.9963	-0.9963	0.0052	
959	-0.8331	-0.8331	0.2407	
960	-0.9963	-0.9963	0.0052	
961	-0.7145	-0.7145	0.4255	
962	-0.8406	-0.8406	0.2295	
963	-0.8433	-0.8433	0.2255	
964	0.7876	0.7876	0.3149	
965	-0.9965	-0.9965	0.0050	
966	-0.8410	-0.8410	0.2289	
967	-0.7265	-0.7265	0.4060	
968	-0.9966	-0.9966	0.0048	
969	-0.8476	-0.8476	0.2191	
970	-0.9966	-0.9966	0.0048	
971	-0.8500	-0.8500	0.2156	
972	-0.9967	-0.9967	0.0047	
973	-0.8523	-0.8523	0.2122	
974	0.7744	0.7744	0.3363	
975	-0.9966	-0.9966	0.0048	
976	-0.8492	-0.8492	0.2168	
977	-0.7373	-0.7373	0.3886	
978	0.7727	0.7727	0.3392	
979	-0.9967	-0.9967	0.0047	
980	-0.8496	-0.8496	0.2162	
981	0.7805	0.7805	0.3264	
982	-0.9966	-0.9966	0.0048	
983	-0.8468	-0.8468	0.2203	
984	0.7872	0.7872	0.3154	
985	-0.9966	-0.9966	0.0048	
986	-0.8444	-0.8444	0.2239	
987	-0.9966	-0.9966	0.0048	
988	-0.8469	-0.8469	0.2201	
989	0.7901	0.7901	0.3108	
990	0.7989	0.7989	0.2968	
991	-0.9965	-0.9965	0.0049	
992	-0.9965	-0.9965	0.0049	
993	-0.8402	-0.8402	0.2301	
994	0.8034	0.8034	0.2895	
995	-0.9965	-0.9965	0.0049	
996	-0.8387	-0.8387	0.2323	
997	-0.7154	-0.7154	0.4241	
998	0.7975	0.7975	0.2989	
999	-0.9966	-0.9966	0.0048	
1000	-0.9966	-0.9966	0.0048	
1001	-0.8413	-0.8413	0.2284	
1002	0.8023	0.8023	0.2913	
1003	-0.9966	-0.9966	0.0048	
1004	-0.8397	-0.8397	0.2308	
1005	-0.7194	-0.7194	0.4176	
1006	0.7967	0.7967	0.3002	
1007	-0.9967	-0.9967	0.0047	
1008	-0.8421	-0.8421	0.2272	
1009	0.8016	0.8016	0.2924	
1010	-0.9967	-0.9967	0.0047	
1011	-0.8405	-0.8405	0.2296	
1012	-0.8432	-0.8432	0.2256	
1013	0.8029	0.8029	0.2903	
1014	-0.9967	-0.9967	0.0047	
1015	-0.8416	-0.8416	0.2280	
1016	0.8072	0.8072	0.2836	
1017	-0.9967	-0.9967	0.0047	
1018	-0.8402	-0.8402	0.2301	
1019	-0.7161	-0.7161	0.4229	
1020	0.8012	0.8012	0.2931	
1021	-0.9967	-0.9967	0.0046	
1022	-0.8429	-0.8429	0.2261	
1023	0.8057	0.8057	0.2860	
1024	-0.9967	-0.9967	0.0046	
1025	-0.8414	-0.8414	0.2283	
1026	-0.9967	-0.9967	0.0046	
1027	0.8097	0.8097	0.2796	
1028	-0.9967	-0.9967	0.0047	
1029	-0.8401	-0.8401	0.2302	
1030	-0.8429	-0.8429	0.2261	
1031	-0.7184	-0.7184	0.4191	
1032	0.8006	0.8006	0.2940	
1033	-0.9968	-0.9968	0.0045	
1034	-0.8453	-0.8453	0.2224	
1035	-0.7267	-0.7267	0.4057	
1036	0.7959	0.7959	0.3015	
1037	-0.9969	-0.9969	0.0044	
1038	0.8040	0.8040	0.2887	
1039	-0.9968	-0.9968	0.0045	
1040	-0.8431	-0.8431	0.2257	
1041	0.8082	0.8082	0.2819	
1042	-0.9968	-0.9968	0.0045	
1043	-0.8417	-0.8417	0.2278	
1044	-0.8444	-0.8444	0.2238	
1045	0.8091	0.8091	0.2806	
1046	0.8158	0.8158	0.2700	
1047	-0.9968	-0.9968	0.0045	
1048	-0.9968	-0.9968	0.0045	
1049	-0.8393	-0.8393	0.2314	
1050	0.8189	0.8189	0.2652	
1051	-0.9968	-0.9968	0.0046	
1052	-0.8385	-0.8385	0.2326	
1053	-0.7120	-0.7120	0.4295	
1054	0.8120	0.8120	0.2760	
1055	-0.9969	-0.9969	0.0044	
1056	-0.8418	-0.8418	0.2276	
1057	0.8155	0.8155	0.2705	
1058	-0.9969	-0.9969	0.0045	
1059	-0.8408	-0.8408	0.2292	
1060	-0.8435	-0.8435	0.2252	
1061	0.8157	0.8157	0.2701	
1062	-0.9969	-0.9969	0.0044	
1063	-0.8424	-0.8424	0.2268	
1064	0.8189	0.8189	0.2651	
1065	-0.9969	-0.9969	0.0044	
1066	-0.8415	-0.8415	0.2281	
1067	-0.7130	-0.7130	0.4280	
1068	0.8122	0.8122	0.2756	
1069	-0.9969	-0.9969	0.0043	
1070	-0.8447	-0.8447	0.2234	
1071	0.8158	0.8158	0.2700	
1072	-0.9969	-0.9969	0.0043	
1073	-0.8436	-0.8436	0.2251	
1074	-0.9970	-0.9970	0.0043	
1075	0.8190	0.8190	0.2650	
1076	-0.9969	-0.9969	0.0044	
1077	-0.8426	-0.8426	0.2265	
1078	-0.8453	-0.8453	0.2226	
1079	-0.7174	-0.7174	0.4208	
1080	0.8097	0.8097	0.2795	
1081	-0.9970	-0.9970	0.0042	
1082	-0.8480	-0.8480	0.2185	
1083	-0.7263	-0.7263	0.4063	
1084	0.8046	0.8046	0.2877	
1085	-0.9971	-0.9971	0.0041	
1086	-0.9971	-0.9971	0.0041	
1087	-0.8502	-0.8502	0.2152	
1088	0.8090	0.8090	0.2807	
1089	-0.9971	-0.9971	0.0041	
1090	-0.8487	-0.8487	0.2175	
1091	-0.7297	-0.7297	0.4009	
1092	0.8042	0.8042	0.2883	
1093	-0.9971	-0.9971	0.0040	
1094	-0.8507	-0.8507	0.2144	
1095	0.8087	0.8087	0.2812	
1096	-0.9971	-0.9971	0.0041	
1097	-0.8492	-0.8492	0.2167	
1098	-0.9971	-0.9971	0.0040	
1099	0.8127	0.8127	0.2749	
1100	-0.9971	-0.9971	0.0041	
1101	-0.8478	-0.8478	0.2187	
1102	-0.8502	-0.8502	0.2152	
1103	-0.7306	-0.7306	0.3995	
1104	0.8049	0.8049	0.2872	
1105	-0.9972	-0.9972	0.0040	
1106	-0.8522	-0.8522	0.2122	
1107	-0.7376	-0.7376	0.3881	
1108	0.8009	0.8009	0.2935	
1109	-0.9972	-0.9972	0.0039	
1110	-0.9972	-0.9972	0.0039	
1111	-0.8538	-0.8538	0.2099	
1112	-0.7437	-0.7437	0.3784	
1113	0.7977	0.7977	0.2987	
1114	-0.9973	-0.9973	0.0038	
1115	-0.8550	-0.8550	0.2082	
1116	0.8029	0.8029	0.2903	
1117	-0.9973	-0.9973	0.0039	
1118	-0.8531	-0.8531	0.2109	
1119	-0.7445	-0.7445	0.3772	
1120	0.7996	0.7996	0.2957	
1121	-0.9973	-0.9973	0.0038	
1122	-0.8544	-0.8544	0.2090	
1123	0.8046	0.8046	0.2876	
1124	-0.9973	-0.9973	0.0038	
1125	-0.8526	-0.8526	0.2116	
1126	-0.7454	-0.7454	0.3757	
1127	0.8012	0.8012	0.2931	
1128	-0.9973	-0.9973	0.0038	
1129	-0.9973	-0.9973	0.0038	
1130	-0.8540	-0.8540	0.2096	
1131	0.8061	0.8061	0.2853	
1132	-0.9973	-0.9973	0.0038	
1133	-0.8523	-0.8523	0.2122	
1134	-0.7465	-0.7465	0.3739	
1135	0.8026	0.8026	0.2908	
1136	-0.9974	-0.9974	0.0037	
1137	-0.8537	-0.8537	0.2101	
1138	0.8074	0.8074	0.2833	
1139	-0.9974	-0.9974	0.0037	
1140	-0.8520	-0.8520	0.2126	
1141	-0.8542	-0.8542	0.2093	
1142	0.8090	0.8090	0.2806	
1143	-0.9974	-0.9974	0.0037	
1144	-0.8526	-0.8526	0.2117	
1145	0.8132	0.8132	0.2741	
1146	-0.9974	-0.9974	0.0037	
1147	-0.8512	-0.8512	0.2137	
1148	-0.7414	-0.7414	0.3821	
1149	0.8089	0.8089	0.2808	
1150	-0.9974	-0.9974	0.0037	
1151	-0.8530	-0.8530	0.2110	
1152	0.8131	0.8131	0.2743	
1153	-0.9974	-0.9974	0.0037	
1154	-0.8516	-0.8516	0.2131	
1155	-0.9974	-0.9974	0.0037	
1156	0.8168	0.8168	0.2684	
1157	-0.9974	-0.9974	0.0037	
1158	-0.8504	-0.8504	0.2150	
1159	-0.8527	-0.8527	0.2116	
1160	-0.7419	-0.7419	0.3813	
1161	0.8098	0.8098	0.2795	
1162	-0.9974	-0.9974	0.0036	
1163	-0.8544	-0.8544	0.2090	
1164	-0.7481	-0.7481	0.3714	
1165	0.8062	0.8062	0.2851	
1166	-0.9975	-0.9975	0.0035	
1167	-0.8559	-0.8559	0.2069	
1168	0.8107	0.8107	0.2780	
1169	-0.9975	-0.9975	0.0036	
1170	-0.8543	-0.8543	0.2092	
1171	-0.7495	-0.7495	0.3692	
1172	-0.9976	-0.9976	0.0035	
1173	-0.8595	-0.8595	0.2016	
1174	0.8048	0.8048	0.2874	
1175	-0.9975	-0.9975	0.0035	
1176	-0.8576	-0.8576	0.2043	
1177	-0.7561	-0.7561	0.3587	
1178	0.8022	0.8022	0.2915	
1179	-0.9976	-0.9976	0.0034	
1180	-0.8585	-0.8585	0.2029	
1181	0.8071	0.8071	0.2836	
1182	-0.9976	-0.9976	0.0035	
1183	-0.8568	-0.8568	0.2055	
1184	0.8116	0.8116	0.2766	
1185	-0.9975	-0.9975	0.0035	
1186	-0.8552	-0.8552	0.2078	
1187	0.8156	0.8156	0.2703	
1188	-0.9975	-0.9975	0.0035	
1189	-0.8539	-0.8539	0.2098	
1190	-0.9976	-0.9976	0.0035	
1191	-0.7487	-0.7487	0.3705	
1192	-0.8591	-0.8591	0.2021	
1193	0.8093	0.8093	0.2802	
1194	-0.9976	-0.9976	0.0034	
1195	-0.9976	-0.9976	0.0034	
1196	-0.8574	-0.8574	0.2046	
1197	0.8136	0.8136	0.2734	
1198	-0.9976	-0.9976	0.0034	
1199	0.8199	0.8199	0.2636	
1200	-0.9975	-0.9975	0.0035	
1201	-0.8526	-0.8526	0.2117	
1202	-0.9976	-0.9976	0.0034	
1203	-0.7469	-0.7469	0.3734	
1204	-0.8579	-0.8579	0.2038	
1205	-0.8599	-0.8599	0.2009	
1206	0.8109	0.8109	0.2777	
1207	-0.9976	-0.9976	0.0034	
1208	-0.8583	-0.8583	0.2033	
1209	-0.7556	-0.7556	0.3595	
1210	-0.9977	-0.9977	0.0033	
1211	-0.8630	-0.8630	0.1963	
1212	-0.9977	-0.9977	0.0032	
1213	-0.8648	-0.8648	0.1937	
1214	-0.9977	-0.9977	0.0032	
1215	-0.8665	-0.8665	0.1912	
1216	0.8011	0.8011	0.2933	
1217	-0.9977	-0.9977	0.0032	
1218	-0.8644	-0.8644	0.1943	
1219	-0.7639	-0.7639	0.3465	
1220	0.7994	0.7994	0.2959	
1221	-0.9977	-0.9977	0.0032	
1222	-0.8649	-0.8649	0.1936	
1223	0.8049	0.8049	0.2873	
1224	-0.9977	-0.9977	0.0032	
1225	-0.8629	-0.8629	0.1964	
1226	0.8097	0.8097	0.2796	
1227	-0.9977	-0.9977	0.0032	
1228	-0.8612	-0.8612	0.1990	
1229	-0.9977	-0.9977	0.0032	
1230	-0.8631	-0.8631	0.1963	
1231	0.8118	0.8118	0.2763	
1232	0.8183	0.8183	0.2661	
1233	-0.9977	-0.9977	0.0033	
1234	-0.9977	-0.9977	0.0033	
1235	-0.8581	-0.8581	0.2035	
1236	0.8218	0.8218	0.2606	
1237	-0.9977	-0.9977	0.0033	
1238	-0.8570	-0.8570	0.2053	
1239	-0.7479	-0.7479	0.3718	
1240	0.8177	0.8177	0.2670	
1241	-0.9977	-0.9977	0.0032	
1242	-0.9977	-0.9977	0.0032	
1243	-0.8587	-0.8587	0.2026	
1244	0.8213	0.8213	0.2614	
1245	-0.9977	-0.9977	0.0033	
1246	-0.8575	-0.8575	0.2044	
1247	-0.7505	-0.7505	0.3677	
1248	0.8174	0.8174	0.2674	
1249	-0.9977	-0.9977	0.0032	
1250	-0.8592	-0.8592	0.2020	
1251	0.8211	0.8211	0.2618	
1252	-0.9977	-0.9977	0.0032	
1253	-0.8579	-0.8579	0.2038	
1254	-0.8599	-0.8599	0.2009	
1255	0.8221	0.8221	0.2601	
1256	-0.9977	-0.9977	0.0032	
1257	-0.8587	-0.8587	0.2027	
1258	0.8254	0.8254	0.2551	
1259	-0.9977	-0.9977	0.0032	
1260	-0.8576	-0.8576	0.2043	
1261	-0.7477	-0.7477	0.3721	
1262	0.8211	0.8211	0.2617	
1263	-0.9978	-0.9978	0.0032	
1264	-0.8595	-0.8595	0.2015	
1265	0.8245	0.8245	0.2564	
1266	-0.9978	-0.9978	0.0032	
1267	-0.8584	-0.8584	0.2032	
1268	-0.9978	-0.9978	0.0031	
1269	0.8276	0.8276	0.2517	
1270	-0.9978	-0.9978	0.0032	
1271	-0.8574	-0.8574	0.2046	
1272	-0.8594	-0.8594	0.2017	
1273	-0.7491	-0.7491	0.3699	
1274	0.8210	0.8210	0.2619	
1275	-0.9978	-0.9978	0.0031	
1276	-0.8611	-0.8611	0.1991	
1277	-0.7551	-0.7551	0.3604	
1278	0.8175	0.8175	0.2673	
1279	-0.9978	-0.9978	0.0030	
1280	0.8235	0.8235	0.2581	
1281	-0.9978	-0.9978	0.0031	
1282	-0.8595	-0.8595	0.2015	
1283	0.8266	0.8266	0.2531	
1284	-0.9978	-0.9978	0.0031	
1285	-0.8585	-0.8585	0.2030	
1286	-0.8604	-0.8604	0.2001	
1287	0.8273	0.8273	0.2520	
1288	0.8324	0.8324	0.2442	
1289	-0.9978	-0.9978	0.0031	
1290	-0.9978	-0.9978	0.0031	
1291	-0.8566	-0.8566	0.2058	
1292	0.8349	0.8349	0.2404	
1293	-0.9978	-0.9978	0.0031	
1294	-0.8559	-0.8559	0.2068	
1295	-0.7438	-0.7438	0.3783	
1296	0.8300	0.8300	0.2479	
1297	-0.9978	-0.9978	0.0031	
1298	-0.8582	-0.8582	0.2034	
1299	0.8327	0.8327	0.2438	
1300	-0.9978	-0.9978	0.0031	
1301	-0.8574	-0.8574	0.2046	
1302	-0.8594	-0.8594	0.2017	
1303	0.8329	0.8329	0.2434	
1304	-0.9978	-0.9978	0.0031	
1305	-0.8586	-0.8586	0.2029	
1306	0.8354	0.8354	0.2396	
1307	-0.9978	-0.9978	0.0031	
1308	-0.8578	-0.8578	0.2040	
1309	-0.7440	-0.7440	0.3779	
1310	0.8306	0.8306	0.2470	
1311	-0.9979	-0.9979	0.0030	
1312	-0.8601	-0.8601	0.2006	
1313	0.8333	0.8333	0.2429	
1314	-0.9979	-0.9979	0.0030	
1315	-0.8593	-0.8593	0.2018	
1316	-0.9979	-0.9979	0.0030	
1317	0.8357	0.8357	0.2391	
1318	-0.9979	-0.9979	0.0030	
1319	-0.8585	-0.8585	0.2029	
1320	-0.8605	-0.8605	0.2001	
1321	-0.7471	-0.7471	0.3731	
1322	0.8289	0.8289	0.2496	
1323	-0.9979	-0.9979	0.0029	
1324	-0.8625	-0.8625	0.1971	
1325	-0.7537	-0.7537	0.3626	
1326	0.8250	0.8250	0.2556	
1327	-0.9980	-0.9980	0.0029	
1328	-0.9980	-0.9980	0.0029	
1329	-0.8642	-0.8642	0.1946	
1330	0.8282	0.8282	0.2507	
1331	-0.9980	-0.9980	0.0029	
1332	-0.8631	-0.8631	0.1