T/1	OUT/1	ERR/1	CORR/1	
0	0.0000	0.0000	0.0000	
1	1.0000	0.0000	0.0000	
2	1.0000	1.0000	0.0000	
3	0.0000	1.0000	0.0000	
4	1.0000	0.0000	0.3333	
5	0.0000	0.0000	0.5000	
6	0.0000	0.0000	0.6000	
7	0.0000	1.0000	0.5000	
8	0.0000	0.0000	0.5714	
9	1.0000	0.0000	0.6250	
10	0.0000	1.0000	0.5556	
11	1.0000	1.0000	0.5000	
12	0.0000	1.0000	0.4545	
13	0.0000	0.0000	0.5000	
14	0.0000	0.0000	0.5385	
15	0.0000	1.0000	0.5000	
16	1.0000	1.0000	0.4667	
17	0.0000	1.0000	0.4375	
18	0.0000	0.0000	0.4706	
19	0.0000	1.0000	0.4444	
20	0.0000	0.0000	0.4737	
21	0.0000	0.0000	0.5000	
22	0.0000	0.0000	0.5238	
23	0.0000	1.0000	0.5000	
24	0.0000	0.0000	0.5217	
25	0.0000	0.0000	0.5417	
26	0.0000	0.0000	0.5600	
27	0.0000	0.0000	0.5769	
28	0.0000	1.0000	0.5556	
29	0.0000	0.0000	0.5714	
30	0.0000	0.0000	0.5862	
31	0.0000	0.0000	0.6000	
32	0.0000	0.0000	0.6129	
33	0.0000	0.0000	0.6250	
34	0.0000	0.0000	0.6364	
35	0.0000	0.0000	0.6471	
36	0.0000	0.0000	0.6571	
37	0.0000	0.0000	0.6667	
38	0.0000	0.0000	0.6757	
39	1.0000	1.0000	0.6579	
40	0.0000	1.0000	0.6410	
41	0.0000	0.0000	0.6500	
42	0.0000	0.0000	0.6585	
43	0.0000	0.0000	0.6667	
44	0.0000	0.0000	0.6905	
45	0.0000	0.0000	0.7143	
46	0.0000	0.0000	0.7143	
47	1.0000	1.0000	0.6905	
48	1.0000	1.0000	0.6667	
49	0.0000	1.0000	0.6667	
50	0.0000	0.0000	0.6667	
51	0.0000	0.0000	0.6667	
52	0.0000	0.0000	0.6905	
53	0.0000	0.0000	0.7143	
54	0.0000	0.0000	0.7381	
55	1.0000	1.0000	0.7143	
56	0.0000	1.0000	0.6905	
57	0.0000	0.0000	0.7143	
58	0.0000	1.0000	0.7143	
59	0.0000	0.0000	0.7381	
60	0.0000	0.0000	0.7381	
61	0.0000	0.0000	0.7619	
62	0.0000	0.0000	0.7619	
63	0.0000	0.0000	0.7619	
64	0.0000	0.0000	0.7619	
65	0.0000	0.0000	0.7857	
66	0.0000	0.0000	0.7857	
67	0.0000	0.0000	0.7857	
68	0.0000	0.0000	0.7857	
69	0.0000	0.0000	0.7857	
70	0.0000	0.0000	0.8095	
71	0.0000	0.0000	0.8095	
72	0.0000	0.0000	0.8095	
73	0.0000	0.0000	0.8095	
74	0.0000	0.0000	0.8095	
75	0.0000	0.0000	0.8095	
76	0.0000	0.0000	0.8095	
77	0.0000	0.0000	0.8095	
78	0.0000	0.0000	0.8095	
79	1.0000	1.0000	0.7857	
80	0.0000	0.0000	0.7857	
81	0.0000	0.0000	0.8095	
82	0.0000	0.0000	0.8333	
83	1.0000	1.0000	0.8095	
84	1.0000	1.0000	0.7857	
85	0.0000	0.0000	0.7857	
86	0.0000	0.0000	0.7857	
87	0.0000	0.0000	0.7857	
88	0.0000	1.0000	0.7619	
89	0.0000	0.0000	0.7857	
90	0.0000	0.0000	0.8095	
91	0.0000	0.0000	0.8333	
92	0.0000	0.0000	0.8333	
93	0.0000	0.0000	0.8333	
94	0.0000	0.0000	0.8333	
95	0.0000	0.0000	0.8333	
96	0.0000	0.0000	0.8333	
97	0.0000	0.0000	0.8571	
98	0.0000	0.0000	0.8810	
99	0.0000	0.0000	0.8810	
100	0.0000	0.0000	0.9048	
101	0.0000	0.0000	0.9048	
102	1.0000	1.0000	0.8810	
103	0.0000	1.0000	0.8571	
104	0.0000	1.0000	0.8333	
105	0.0000	0.0000	0.8333	
106	0.0000	1.0000	0.8095	
107	0.0000	0.0000	0.8095	
108	0.0000	0.0000	0.8095	
109	0.0000	0.0000	0.8095	
110	0.0000	0.0000	0.8095	
111	1.0000	1.0000	0.7857	
112	0.0000	1.0000	0.7619	
113	1.0000	1.0000	0.7381	
114	0.0000	1.0000	0.7143	
115	0.0000	0.0000	0.7143	
116	0.0000	0.0000	0.7143	
117	0.0000	0.0000	0.7143	
118	0.0000	0.0000	0.7143	
119	0.0000	0.0000	0.7143	
120	0.0000	0.0000	0.7143	
121	0.0000	0.0000	0.7381	
122	0.0000	0.0000	0.7381	
123	0.0000	0.0000	0.7381	
124	0.0000	0.0000	0.7381	
125	0.0000	0.0000	0.7619	
126	0.0000	0.0000	0.7857	
127	0.0000	0.0000	0.7857	
128	0.0000	0.0000	0.7857	
129	0.0000	0.0000	0.7857	
130	0.0000	0.0000	0.8095	
131	0.0000	0.0000	0.8095	
132	0.0000	0.0000	0.8095	
133	1.0000	1.0000	0.7857	
134	0.0000	1.0000	0.7619	
135	0.0000	0.0000	0.7619	
136	0.0000	0.0000	0.7619	
137	0.0000	0.0000	0.7619	
138	0.0000	0.0000	0.7619	
139	0.0000	0.0000	0.7619	
140	0.0000	1.0000	0.7381	
141	0.0000	0.0000	0.7381	
142	0.0000	0.0000	0.7381	
143	0.0000	1.0000	0.7143	
144	0.0000	0.0000	0.7381	
145	0.0000	0.0000	0.7619	
146	0.0000	0.0000	0.7857	
147	1.0000	1.0000	0.7619	
148	0.0000	0.0000	0.7857	
149	0.0000	0.0000	0.7857	
150	0.0000	0.0000	0.7857	
151	0.0000	0.0000	0.7857	
152	0.0000	0.0000	0.7857	
153	0.0000	1.0000	0.7857	
154	0.0000	0.0000	0.8095	
155	0.0000	0.0000	0.8333	
156	0.0000	0.0000	0.8571	
157	0.0000	0.0000	0.8571	
158	0.0000	0.0000	0.8571	
159	0.0000	0.0000	0.8571	
160	0.0000	0.0000	0.85